Build started 11/15/2015 12:43:26 AM.
     1>Project "C:\Users\Abhishek\Documents\Visual Studio 2010\Projects\AssignmentOne\AssignmentOne\AssignmentOne.vcxproj" on node 2 (build target(s)).
     1>InitializeBuildStatus:
         Creating "Debug\AssignmentOne.unsuccessfulbuild" because "AlwaysCreate" was specified.
       ClCompile:
         c:\Program Files (x86)\Microsoft Visual Studio 10.0\VC\bin\CL.exe /c /ZI /nologo /W3 /WX- /Od /Oy- /D WIN32 /D _DEBUG /D _CONSOLE /D _UNICODE /D UNICODE /Gm /EHsc /RTC1 /MDd /GS /fp:precise /Zc:wchar_t /Zc:forScope /Fo"Debug\\" /Fd"Debug\vc100.pdb" /Gd /TP /analyze- /errorReport:prompt AssignmentOne.cpp
         AssignmentOne.cpp
     1>c:\users\abhishek\documents\visual studio 2010\projects\assignmentone\assignmentone\assignmentone.cpp(48): warning C4101: 'e' : unreferenced local variable
     1>c:\users\abhishek\documents\visual studio 2010\projects\assignmentone\assignmentone\assignmentone.cpp(65): warning C4101: 'e' : unreferenced local variable
     1>c:\users\abhishek\documents\visual studio 2010\projects\assignmentone\assignmentone\assignmentone.cpp(89): warning C4018: '<' : signed/unsigned mismatch
     1>c:\users\abhishek\documents\visual studio 2010\projects\assignmentone\assignmentone\assignmentone.cpp(112): warning C4018: '<' : signed/unsigned mismatch
       ManifestResourceCompile:
         All outputs are up-to-date.
       Link:
         c:\Program Files (x86)\Microsoft Visual Studio 10.0\VC\bin\link.exe /ERRORREPORT:PROMPT /OUT:"C:\Users\Abhishek\Documents\Visual Studio 2010\Projects\AssignmentOne\Debug\AssignmentOne.exe" /INCREMENTAL /NOLOGO kernel32.lib user32.lib gdi32.lib winspool.lib comdlg32.lib advapi32.lib shell32.lib ole32.lib oleaut32.lib uuid.lib odbc32.lib odbccp32.lib /MANIFEST /ManifestFile:"Debug\AssignmentOne.exe.intermediate.manifest" /MANIFESTUAC:"level='asInvoker' uiAccess='false'" /DEBUG /PDB:"C:\Users\Abhishek\Documents\Visual Studio 2010\Projects\AssignmentOne\Debug\AssignmentOne.pdb" /SUBSYSTEM:CONSOLE /TLBID:1 /DYNAMICBASE /NXCOMPAT /IMPLIB:"C:\Users\Abhishek\Documents\Visual Studio 2010\Projects\AssignmentOne\Debug\AssignmentOne.lib" /MACHINE:X86 Debug\AssignmentOne.exe.embed.manifest.res
         Debug\AssignmentOne.obj
       Manifest:
         C:\Program Files (x86)\Microsoft SDKs\Windows\v7.0A\bin\mt.exe /nologo /verbose /out:"Debug\AssignmentOne.exe.embed.manifest" /manifest Debug\AssignmentOne.exe.intermediate.manifest
         All outputs are up-to-date.
       LinkEmbedManifest:
         All outputs are up-to-date.
         AssignmentOne.vcxproj -> C:\Users\Abhishek\Documents\Visual Studio 2010\Projects\AssignmentOne\Debug\AssignmentOne.exe
       FinalizeBuildStatus:
         Deleting file "Debug\AssignmentOne.unsuccessfulbuild".
         Touching "Debug\AssignmentOne.lastbuildstate".
     1>Done Building Project "C:\Users\Abhishek\Documents\Visual Studio 2010\Projects\AssignmentOne\AssignmentOne\AssignmentOne.vcxproj" (build target(s)).

Build succeeded.

Time Elapsed 00:00:07.10
